2024/10/01 15:16:53 - INFO : configs/aaaa_final_hwv/vanilla_bert_hwv_conditional_softmax_la.json
2024/10/01 15:16:53 - INFO : Processing....
2024/10/01 15:16:53 - INFO : Generating Vocabulary from Corpus...
2024/10/01 15:16:53 - INFO : Loading TRAIN subset...
2024/10/01 15:16:53 - INFO : Loading VAL subset...
2024/10/01 15:16:53 - INFO : Loading TEST subset...
2024/10/01 15:25:21 - INFO : DEV performance at epoch 0 ---
2024/10/01 15:25:21 - INFO : Loss: 3.4720
2024/10/01 15:25:21 - INFO : Micro precision: 0.9179
2024/10/01 15:25:21 - INFO : Micro recall: 0.4006
2024/10/01 15:25:21 - INFO : Micro F1: 0.5577
2024/10/01 15:25:21 - INFO : 

2024/10/01 15:25:21 - INFO : Macro precision: 1.0000
2024/10/01 15:25:21 - INFO : Macro recall: 0.3333
2024/10/01 15:25:21 - INFO : Macro F1 max depth: 0.5000
2024/10/01 15:25:21 - INFO : 

2024/10/01 15:25:21 - INFO : Total loss improved from inf to 3.4720
2024/10/01 15:25:25 - INFO : Epoch 0 Time Cost 509.46166491508484 secs.
2024/10/01 15:33:51 - INFO : DEV performance at epoch 1 ---
2024/10/01 15:33:51 - INFO : Loss: 2.2993
2024/10/01 15:33:51 - INFO : Micro precision: 0.9196
2024/10/01 15:33:51 - INFO : Micro recall: 0.5595
2024/10/01 15:33:51 - INFO : Micro F1: 0.6958
2024/10/01 15:33:51 - INFO : 

2024/10/01 15:33:51 - INFO : Macro precision: 1.0000
2024/10/01 15:33:51 - INFO : Macro recall: 0.5000
2024/10/01 15:33:51 - INFO : Macro F1 max depth: 0.6667
2024/10/01 15:33:51 - INFO : 

2024/10/01 15:33:51 - INFO : Total loss improved from 3.4720 to 2.2993
2024/10/01 15:33:54 - INFO : Epoch 1 Time Cost 509.53412675857544 secs.
